<?xml version="1.0" encoding="UTF-8"?>
<!-- Generated by org.testng.reporters.JUnitXMLReporter -->
<testsuite ignored="0" hostname="LAPTOP-TDGIVOT8" failures="1" tests="1" name="Test 3" time="7.364" errors="0" timestamp="11 Nov 2019 00:51:25 GMT">
  <testcase classname="com.spectate.testcases.VerifyOptionExists" name="verifyMapOptionsExists" time="6.573">
    <failure type="java.lang.AssertionError" message="Verification Failed: The link &amp;apos;Flat Earth View&amp;apos; does not exist in the options expected [true] but found [false]">
      <![CDATA[java.lang.AssertionError: Verification Failed: The link 'Flat Earth View' does not exist in the options expected [true] but found [false]
at com.spectate.testcases.VerifyOptionExists.verifyMapOptionsExists(VerifyOptionExists.java:22)
... Removed 30 stack frames]]>
    </failure>
  </testcase> <!-- verifyMapOptionsExists -->
</testsuite> <!-- Test 3 -->
