<?xml version="1.0" encoding="UTF-8"?>
<testng-results ignored="0" total="3" passed="2" failed="1" skipped="0">
  <reporter-output>
    <line>
      <![CDATA[<br>Typing in : input_searchBox_XPATH entered value as chemtrail<br>]]>
    </line>
    <line>
      <![CDATA[<br>Typing in : input_searchBox_XPATH entered value as <br>]]>
    </line>
    <line>
      <![CDATA[<br>Verification Failed: The Actual Value chemtrail conspiracy theory - wikipedia does not match with the Expected value chemtrail<br>]]>
    </line>
    <line>
      <![CDATA[<a target="_blank" href=D:\Jva\888Spectate\target\Screenshot\Mon_Nov_11_00_51_13_GMT_2019.jpg><img src=D:\Jva\888Spectate\target\Screenshot\Mon_Nov_11_00_51_13_GMT_2019.jpg height=200 width=300></img></a>]]>
    </line>
    <line>
      <![CDATA[<br>]]>
    </line>
    <line>
      <![CDATA[<br>]]>
    </line>
    <line>
      <![CDATA[VERIFYSEARCHTEXT PASS]]>
    </line>
    <line>
      <![CDATA[<br>Typing in : input_searchBox_XPATH entered value as dealey plaza<br>]]>
    </line>
    <line>
      <![CDATA[<br>Typing in : input_searchBox_XPATH entered value as <br>]]>
    </line>
    <line>
      <![CDATA[<br>Clicking on : link_images_XPATH<br>]]>
    </line>
    <line>
      <![CDATA[<br>Verification Failed: The Actual Value dealey plaza - wikipedia
en.wikipedia.org does not match with the Expected value dealey plaza<br>]]>
    </line>
    <line>
      <![CDATA[<a target="_blank" href=D:\Jva\888Spectate\target\Screenshot\Mon_Nov_11_00_51_17_GMT_2019.jpg><img src=D:\Jva\888Spectate\target\Screenshot\Mon_Nov_11_00_51_17_GMT_2019.jpg height=200 width=300></img></a>]]>
    </line>
    <line>
      <![CDATA[<br>]]>
    </line>
    <line>
      <![CDATA[<br>]]>
    </line>
    <line>
      <![CDATA[VERIFYIMAGETITLETEXT PASS]]>
    </line>
    <line>
      <![CDATA[<br>Typing in : input_searchBox_XPATH entered value as Google Maps<br>]]>
    </line>
    <line>
      <![CDATA[<br>Typing in : input_searchBox_XPATH entered value as <br>]]>
    </line>
    <line>
      <![CDATA[<br>Clicking on : link_googleMap_XPATH<br>]]>
    </line>
    <line>
      <![CDATA[<br>Typing in : button_options_XPATH entered value as <br>]]>
    </line>
    <line>
      <![CDATA[VERIFYMAPOPTIONSEXISTS FAIL]]>
    </line>
    <line>
      <![CDATA[Click to see Screenshot]]>
    </line>
    <line>
      <![CDATA[<a target="_blank" href=D:\Jva\888Spectate\target\Screenshot\Mon_Nov_11_00_51_25_GMT_2019.jpg>Screenshot</a>]]>
    </line>
    <line>
      <![CDATA[<br>]]>
    </line>
    <line>
      <![CDATA[<br>]]>
    </line>
    <line>
      <![CDATA[<a target="_blank" href=D:\Jva\888Spectate\target\Screenshot\Mon_Nov_11_00_51_25_GMT_2019.jpg><img src=D:\Jva\888Spectate\target\Screenshot\Mon_Nov_11_00_51_25_GMT_2019.jpg height=200 width=200></img></a>]]>
    </line>
  </reporter-output>
  <suite started-at="2019-11-11T00:51:11Z" name="888 Spectate Test" finished-at="2019-11-11T00:51:25Z" duration-ms="13551">
    <groups>
    </groups>
    <test started-at="2019-11-11T00:51:11Z" name="Test 1" finished-at="2019-11-11T00:51:13Z" duration-ms="1532">
      <class name="com.spectate.testcases.VerifySearchResultText">
        <test-method is-config="true" signature="refreshBrowser()[pri:0, instance:com.spectate.testcases.VerifySearchResultText@aed0151]" started-at="2019-11-11T00:51:11Z" name="refreshBrowser" finished-at="2019-11-11T00:51:11Z" duration-ms="236" status="PASS">
          <reporter-output>
          </reporter-output>
        </test-method> <!-- refreshBrowser -->
        <test-method signature="verifySearchText(java.util.Hashtable)[pri:0, instance:com.spectate.testcases.VerifySearchResultText@aed0151]" started-at="2019-11-11T00:51:11Z" name="verifySearchText" data-provider="dp" finished-at="2019-11-11T00:51:13Z" duration-ms="1276" status="PASS">
          <params>
            <param index="0">
              <value>
                <![CDATA[{SearchQuery=chemtrail}]]>
              </value>
            </param>
          </params>
          <reporter-output>
            <line>
              <![CDATA[<br>Typing in : input_searchBox_XPATH entered value as chemtrail<br>]]>
            </line>
            <line>
              <![CDATA[<br>Typing in : input_searchBox_XPATH entered value as <br>]]>
            </line>
            <line>
              <![CDATA[<br>Verification Failed: The Actual Value chemtrail conspiracy theory - wikipedia does not match with the Expected value chemtrail<br>]]>
            </line>
            <line>
              <![CDATA[<a target="_blank" href=D:\Jva\888Spectate\target\Screenshot\Mon_Nov_11_00_51_13_GMT_2019.jpg><img src=D:\Jva\888Spectate\target\Screenshot\Mon_Nov_11_00_51_13_GMT_2019.jpg height=200 width=300></img></a>]]>
            </line>
            <line>
              <![CDATA[<br>]]>
            </line>
            <line>
              <![CDATA[<br>]]>
            </line>
            <line>
              <![CDATA[VERIFYSEARCHTEXT PASS]]>
            </line>
          </reporter-output>
        </test-method> <!-- verifySearchText -->
      </class> <!-- com.spectate.testcases.VerifySearchResultText -->
    </test> <!-- Test 1 -->
    <test started-at="2019-11-11T00:51:13Z" name="Test 2" finished-at="2019-11-11T00:51:17Z" duration-ms="4618">
      <class name="com.spectate.testcases.VerifySearchResultImageTitleText">
        <test-method is-config="true" signature="refreshBrowser()[pri:0, instance:com.spectate.testcases.VerifySearchResultImageTitleText@2bc12da]" started-at="2019-11-11T00:51:13Z" name="refreshBrowser" finished-at="2019-11-11T00:51:13Z" duration-ms="205" status="PASS">
          <reporter-output>
          </reporter-output>
        </test-method> <!-- refreshBrowser -->
        <test-method signature="verifyImageTitleText(java.util.Hashtable)[pri:0, instance:com.spectate.testcases.VerifySearchResultImageTitleText@2bc12da]" started-at="2019-11-11T00:51:13Z" name="verifyImageTitleText" data-provider="dp" finished-at="2019-11-11T00:51:17Z" duration-ms="4410" status="PASS">
          <params>
            <param index="0">
              <value>
                <![CDATA[{SearchQuery=dealey plaza}]]>
              </value>
            </param>
          </params>
          <reporter-output>
            <line>
              <![CDATA[<br>Typing in : input_searchBox_XPATH entered value as dealey plaza<br>]]>
            </line>
            <line>
              <![CDATA[<br>Typing in : input_searchBox_XPATH entered value as <br>]]>
            </line>
            <line>
              <![CDATA[<br>Clicking on : link_images_XPATH<br>]]>
            </line>
            <line>
              <![CDATA[<br>Verification Failed: The Actual Value dealey plaza - wikipedia
en.wikipedia.org does not match with the Expected value dealey plaza<br>]]>
            </line>
            <line>
              <![CDATA[<a target="_blank" href=D:\Jva\888Spectate\target\Screenshot\Mon_Nov_11_00_51_17_GMT_2019.jpg><img src=D:\Jva\888Spectate\target\Screenshot\Mon_Nov_11_00_51_17_GMT_2019.jpg height=200 width=300></img></a>]]>
            </line>
            <line>
              <![CDATA[<br>]]>
            </line>
            <line>
              <![CDATA[<br>]]>
            </line>
            <line>
              <![CDATA[VERIFYIMAGETITLETEXT PASS]]>
            </line>
          </reporter-output>
        </test-method> <!-- verifyImageTitleText -->
      </class> <!-- com.spectate.testcases.VerifySearchResultImageTitleText -->
    </test> <!-- Test 2 -->
    <test started-at="2019-11-11T00:51:17Z" name="Test 3" finished-at="2019-11-11T00:51:25Z" duration-ms="7364">
      <class name="com.spectate.testcases.VerifyOptionExists">
        <test-method is-config="true" signature="setUp()[pri:0, instance:com.spectate.testcases.VerifyOptionExists@3068b369]" started-at="2019-11-11T00:51:09Z" name="setUp" finished-at="2019-11-11T00:51:11Z" duration-ms="1740" status="PASS">
          <reporter-output>
          </reporter-output>
        </test-method> <!-- setUp -->
        <test-method is-config="true" signature="refreshBrowser()[pri:0, instance:com.spectate.testcases.VerifyOptionExists@3068b369]" started-at="2019-11-11T00:51:17Z" name="refreshBrowser" finished-at="2019-11-11T00:51:18Z" duration-ms="233" status="PASS">
          <reporter-output>
          </reporter-output>
        </test-method> <!-- refreshBrowser -->
        <test-method signature="verifyMapOptionsExists(java.util.Hashtable)[pri:0, instance:com.spectate.testcases.VerifyOptionExists@3068b369]" started-at="2019-11-11T00:51:18Z" name="verifyMapOptionsExists" data-provider="dp" finished-at="2019-11-11T00:51:24Z" duration-ms="6573" status="FAIL">
          <params>
            <param index="0">
              <value>
                <![CDATA[{OptionName=Flat Earth View, SearchQuery=Google Maps}]]>
              </value>
            </param>
          </params>
          <exception class="java.lang.AssertionError">
            <message>
              <![CDATA[Verification Failed: The link 'Flat Earth View' does not exist in the options expected [true] but found [false]]]>
            </message>
            <full-stacktrace>
              <![CDATA[java.lang.AssertionError: Verification Failed: The link 'Flat Earth View' does not exist in the options expected [true] but found [false]
at org.testng.Assert.fail(Assert.java:96)
at org.testng.Assert.failNotEquals(Assert.java:776)
at org.testng.Assert.assertEqualsImpl(Assert.java:137)
at org.testng.Assert.assertEquals(Assert.java:118)
at org.testng.Assert.assertEquals(Assert.java:568)
at com.spectate.testcases.VerifyOptionExists.verifyMapOptionsExists(VerifyOptionExists.java:22)
at java.base/jdk.internal.reflect.NativeMethodAccessorImpl.invoke0(Native Method)
at java.base/jdk.internal.reflect.NativeMethodAccessorImpl.invoke(NativeMethodAccessorImpl.java:62)
at java.base/jdk.internal.reflect.DelegatingMethodAccessorImpl.invoke(DelegatingMethodAccessorImpl.java:43)
at java.base/java.lang.reflect.Method.invoke(Method.java:564)
at org.testng.internal.MethodInvocationHelper.invokeMethod(MethodInvocationHelper.java:124)
at org.testng.internal.Invoker.invokeMethod(Invoker.java:583)
at org.testng.internal.Invoker.invokeTestMethod(Invoker.java:719)
at org.testng.internal.Invoker.invokeTestMethods(Invoker.java:989)
at org.testng.internal.TestMethodWorker.invokeTestMethods(TestMethodWorker.java:125)
at org.testng.internal.TestMethodWorker.run(TestMethodWorker.java:109)
at org.testng.TestRunner.privateRun(TestRunner.java:648)
at org.testng.TestRunner.run(TestRunner.java:505)
at org.testng.SuiteRunner.runTest(SuiteRunner.java:455)
at org.testng.SuiteRunner.runSequentially(SuiteRunner.java:450)
at org.testng.SuiteRunner.privateRun(SuiteRunner.java:415)
at org.testng.SuiteRunner.run(SuiteRunner.java:364)
at org.testng.SuiteRunnerWorker.runSuite(SuiteRunnerWorker.java:52)
at org.testng.SuiteRunnerWorker.run(SuiteRunnerWorker.java:84)
at org.testng.TestNG.runSuitesSequentially(TestNG.java:1208)
at org.testng.TestNG.runSuitesLocally(TestNG.java:1137)
at org.testng.TestNG.runSuites(TestNG.java:1049)
at org.testng.TestNG.run(TestNG.java:1017)
at org.testng.remote.AbstractRemoteTestNG.run(AbstractRemoteTestNG.java:115)
at org.testng.remote.RemoteTestNG.initAndRun(RemoteTestNG.java:251)
at org.testng.remote.RemoteTestNG.main(RemoteTestNG.java:77)
]]>
            </full-stacktrace>
          </exception> <!-- java.lang.AssertionError -->
          <reporter-output>
            <line>
              <![CDATA[<br>Typing in : input_searchBox_XPATH entered value as Google Maps<br>]]>
            </line>
            <line>
              <![CDATA[<br>Typing in : input_searchBox_XPATH entered value as <br>]]>
            </line>
            <line>
              <![CDATA[<br>Clicking on : link_googleMap_XPATH<br>]]>
            </line>
            <line>
              <![CDATA[<br>Typing in : button_options_XPATH entered value as <br>]]>
            </line>
            <line>
              <![CDATA[VERIFYMAPOPTIONSEXISTS FAIL]]>
            </line>
            <line>
              <![CDATA[Click to see Screenshot]]>
            </line>
            <line>
              <![CDATA[<a target="_blank" href=D:\Jva\888Spectate\target\Screenshot\Mon_Nov_11_00_51_25_GMT_2019.jpg>Screenshot</a>]]>
            </line>
            <line>
              <![CDATA[<br>]]>
            </line>
            <line>
              <![CDATA[<br>]]>
            </line>
            <line>
              <![CDATA[<a target="_blank" href=D:\Jva\888Spectate\target\Screenshot\Mon_Nov_11_00_51_25_GMT_2019.jpg><img src=D:\Jva\888Spectate\target\Screenshot\Mon_Nov_11_00_51_25_GMT_2019.jpg height=200 width=200></img></a>]]>
            </line>
          </reporter-output>
        </test-method> <!-- verifyMapOptionsExists -->
        <test-method is-config="true" signature="tearDown()[pri:0, instance:com.spectate.testcases.VerifyOptionExists@3068b369]" started-at="2019-11-11T00:51:25Z" name="tearDown" finished-at="2019-11-11T00:51:25Z" duration-ms="627" status="PASS">
          <reporter-output>
          </reporter-output>
        </test-method> <!-- tearDown -->
      </class> <!-- com.spectate.testcases.VerifyOptionExists -->
    </test> <!-- Test 3 -->
  </suite> <!-- 888 Spectate Test -->
</testng-results>
